2015-03-02 14:17:15,534 //anaconda/lib/python2.7/site-packages/psiturk/psiturk_js/psiturk.js
2015-03-02 14:17:15,602 //anaconda/lib/python2.7/site-packages/psiturk/psiturk_js/psiturk.js
2015-03-02 14:17:15,810 //anaconda/lib/python2.7/site-packages/psiturk/psiturk_js/psiturk.js
2015-03-02 14:17:16,102 //anaconda/lib/python2.7/site-packages/psiturk/psiturk_js/psiturk.js
2015-03-02 14:17:16,190 //anaconda/lib/python2.7/site-packages/psiturk/psiturk_js/psiturk.js
2015-03-02 14:17:16,316 //anaconda/lib/python2.7/site-packages/psiturk/psiturk_js/psiturk.js
2015-03-02 14:17:16,335 //anaconda/lib/python2.7/site-packages/psiturk/psiturk_js/psiturk.js
2015-03-02 14:17:16,355 //anaconda/lib/python2.7/site-packages/psiturk/psiturk_js/psiturk.js
2015-03-02 14:17:16,409 //anaconda/lib/python2.7/site-packages/psiturk/psiturk_js/psiturk.js
2015-03-02 14:17:16,417 //anaconda/lib/python2.7/site-packages/psiturk/psiturk_js/psiturk.js
2015-03-02 14:17:16,450 //anaconda/lib/python2.7/site-packages/psiturk/psiturk_js/psiturk.js
2015-03-02 14:17:16,462 //anaconda/lib/python2.7/site-packages/psiturk/psiturk_js/psiturk.js
2015-03-02 14:17:16,462 //anaconda/lib/python2.7/site-packages/psiturk/psiturk_js/psiturk.js
2015-03-02 14:17:16,480 //anaconda/lib/python2.7/site-packages/psiturk/psiturk_js/psiturk.js
2015-03-02 14:17:16,483 //anaconda/lib/python2.7/site-packages/psiturk/psiturk_js/psiturk.js
2015-03-02 14:17:16,507 //anaconda/lib/python2.7/site-packages/psiturk/psiturk_js/psiturk.js
2015-03-02 14:17:16,508 //anaconda/lib/python2.7/site-packages/psiturk/psiturk_js/psiturk.js
2015-03-04 11:15:57,240 //anaconda/lib/python2.7/site-packages/psiturk/psiturk_js/psiturk.js
2015-03-04 11:15:57,314 //anaconda/lib/python2.7/site-packages/psiturk/psiturk_js/psiturk.js
2015-03-04 11:15:57,319 //anaconda/lib/python2.7/site-packages/psiturk/psiturk_js/psiturk.js
2015-03-04 11:15:57,390 //anaconda/lib/python2.7/site-packages/psiturk/psiturk_js/psiturk.js
2015-03-04 11:15:57,500 //anaconda/lib/python2.7/site-packages/psiturk/psiturk_js/psiturk.js
2015-03-04 11:15:57,603 //anaconda/lib/python2.7/site-packages/psiturk/psiturk_js/psiturk.js
2015-03-04 11:15:57,692 //anaconda/lib/python2.7/site-packages/psiturk/psiturk_js/psiturk.js
2015-03-04 11:15:57,937 //anaconda/lib/python2.7/site-packages/psiturk/psiturk_js/psiturk.js
2015-03-04 11:15:57,988 //anaconda/lib/python2.7/site-packages/psiturk/psiturk_js/psiturk.js
2015-03-04 11:15:58,040 //anaconda/lib/python2.7/site-packages/psiturk/psiturk_js/psiturk.js
2015-03-04 11:15:58,041 //anaconda/lib/python2.7/site-packages/psiturk/psiturk_js/psiturk.js
2015-03-04 11:15:58,049 //anaconda/lib/python2.7/site-packages/psiturk/psiturk_js/psiturk.js
2015-03-04 11:15:58,157 //anaconda/lib/python2.7/site-packages/psiturk/psiturk_js/psiturk.js
2015-03-04 11:15:58,186 //anaconda/lib/python2.7/site-packages/psiturk/psiturk_js/psiturk.js
2015-03-04 11:15:58,192 //anaconda/lib/python2.7/site-packages/psiturk/psiturk_js/psiturk.js
2015-03-04 11:15:58,212 //anaconda/lib/python2.7/site-packages/psiturk/psiturk_js/psiturk.js
2015-03-04 11:15:58,222 //anaconda/lib/python2.7/site-packages/psiturk/psiturk_js/psiturk.js
[2015-03-04 11:33:35 -0800] [10037] [CRITICAL] WORKER TIMEOUT (pid:10048)
[2015-03-04 11:33:35 -0800] [10037] [CRITICAL] WORKER TIMEOUT (pid:10049)
[2015-03-04 11:33:35 -0800] [10037] [CRITICAL] WORKER TIMEOUT (pid:10050)
[2015-03-04 11:33:35 -0800] [10037] [CRITICAL] WORKER TIMEOUT (pid:10051)
[2015-03-04 11:33:35 -0800] [10037] [CRITICAL] WORKER TIMEOUT (pid:10052)
[2015-03-04 11:33:35 -0800] [10037] [CRITICAL] WORKER TIMEOUT (pid:10053)
[2015-03-04 11:33:35 -0800] [10037] [CRITICAL] WORKER TIMEOUT (pid:10054)
[2015-03-04 11:33:35 -0800] [10037] [CRITICAL] WORKER TIMEOUT (pid:10055)
[2015-03-04 11:33:35 -0800] [10037] [CRITICAL] WORKER TIMEOUT (pid:10056)
[2015-03-04 11:33:35 -0800] [10037] [CRITICAL] WORKER TIMEOUT (pid:10057)
[2015-03-04 11:33:35 -0800] [10037] [CRITICAL] WORKER TIMEOUT (pid:10041)
[2015-03-04 11:33:35 -0800] [10037] [CRITICAL] WORKER TIMEOUT (pid:10042)
[2015-03-04 11:33:35 -0800] [10037] [CRITICAL] WORKER TIMEOUT (pid:10043)
[2015-03-04 11:33:35 -0800] [10037] [CRITICAL] WORKER TIMEOUT (pid:10044)
[2015-03-04 11:33:35 -0800] [10037] [CRITICAL] WORKER TIMEOUT (pid:10045)
[2015-03-04 11:33:35 -0800] [10037] [CRITICAL] WORKER TIMEOUT (pid:10046)
[2015-03-04 11:33:35 -0800] [10037] [CRITICAL] WORKER TIMEOUT (pid:10047)
2015-03-04 11:33:34,276 //anaconda/lib/python2.7/site-packages/psiturk/psiturk_js/psiturk.js
2015-03-04 11:33:34,276 //anaconda/lib/python2.7/site-packages/psiturk/psiturk_js/psiturk.js
2015-03-04 11:33:34,276 //anaconda/lib/python2.7/site-packages/psiturk/psiturk_js/psiturk.js
2015-03-04 11:33:34,326 //anaconda/lib/python2.7/site-packages/psiturk/psiturk_js/psiturk.js
2015-03-04 11:33:34,327 //anaconda/lib/python2.7/site-packages/psiturk/psiturk_js/psiturk.js
2015-03-04 11:33:34,328 //anaconda/lib/python2.7/site-packages/psiturk/psiturk_js/psiturk.js
2015-03-04 11:33:34,566 //anaconda/lib/python2.7/site-packages/psiturk/psiturk_js/psiturk.js
2015-03-04 11:33:34,571 //anaconda/lib/python2.7/site-packages/psiturk/psiturk_js/psiturk.js
2015-03-04 11:33:34,778 //anaconda/lib/python2.7/site-packages/psiturk/psiturk_js/psiturk.js
2015-03-04 11:33:34,822 //anaconda/lib/python2.7/site-packages/psiturk/psiturk_js/psiturk.js
2015-03-04 11:33:34,866 //anaconda/lib/python2.7/site-packages/psiturk/psiturk_js/psiturk.js
2015-03-04 11:33:34,889 //anaconda/lib/python2.7/site-packages/psiturk/psiturk_js/psiturk.js
2015-03-04 11:33:34,893 //anaconda/lib/python2.7/site-packages/psiturk/psiturk_js/psiturk.js
2015-03-04 11:33:34,893 //anaconda/lib/python2.7/site-packages/psiturk/psiturk_js/psiturk.js
2015-03-04 11:33:34,915 //anaconda/lib/python2.7/site-packages/psiturk/psiturk_js/psiturk.js
2015-03-04 11:33:34,923 //anaconda/lib/python2.7/site-packages/psiturk/psiturk_js/psiturk.js
2015-03-04 11:33:34,931 //anaconda/lib/python2.7/site-packages/psiturk/psiturk_js/psiturk.js
2015-03-04 11:42:18,285 Exception on /exp [GET]
Traceback (most recent call last):
  File "//anaconda/lib/python2.7/site-packages/flask/app.py", line 1817, in wsgi_app
    response = self.full_dispatch_request()
  File "//anaconda/lib/python2.7/site-packages/flask/app.py", line 1477, in full_dispatch_request
    rv = self.handle_user_exception(e)
  File "//anaconda/lib/python2.7/site-packages/flask/app.py", line 1379, in handle_user_exception
    return handler(e)
  File "//anaconda/lib/python2.7/site-packages/psiturk/experiment.py", line 103, in handle_exp_error
    "%s (%s) %s", e.value, e.errornum, str(dict(request.args)))
NameError: global name 'e' is not defined
2015-03-04 11:43:19,492 //anaconda/lib/python2.7/site-packages/psiturk/psiturk_js/psiturk.js
2015-03-04 11:43:19,496 //anaconda/lib/python2.7/site-packages/psiturk/psiturk_js/psiturk.js
2015-03-04 11:43:19,517 //anaconda/lib/python2.7/site-packages/psiturk/psiturk_js/psiturk.js
2015-03-04 11:43:19,583 //anaconda/lib/python2.7/site-packages/psiturk/psiturk_js/psiturk.js
2015-03-04 11:43:19,630 //anaconda/lib/python2.7/site-packages/psiturk/psiturk_js/psiturk.js
2015-03-04 11:43:19,753 //anaconda/lib/python2.7/site-packages/psiturk/psiturk_js/psiturk.js
2015-03-04 11:43:19,833 //anaconda/lib/python2.7/site-packages/psiturk/psiturk_js/psiturk.js
2015-03-04 11:43:20,042 //anaconda/lib/python2.7/site-packages/psiturk/psiturk_js/psiturk.js
2015-03-04 11:43:20,180 //anaconda/lib/python2.7/site-packages/psiturk/psiturk_js/psiturk.js
2015-03-04 11:43:20,201 //anaconda/lib/python2.7/site-packages/psiturk/psiturk_js/psiturk.js
2015-03-04 11:43:20,204 //anaconda/lib/python2.7/site-packages/psiturk/psiturk_js/psiturk.js
2015-03-04 11:43:20,211 //anaconda/lib/python2.7/site-packages/psiturk/psiturk_js/psiturk.js
2015-03-04 11:43:20,217 //anaconda/lib/python2.7/site-packages/psiturk/psiturk_js/psiturk.js
2015-03-04 11:43:20,260 //anaconda/lib/python2.7/site-packages/psiturk/psiturk_js/psiturk.js
2015-03-04 11:43:20,306 //anaconda/lib/python2.7/site-packages/psiturk/psiturk_js/psiturk.js
2015-03-04 11:43:20,336 //anaconda/lib/python2.7/site-packages/psiturk/psiturk_js/psiturk.js
2015-03-04 11:43:20,350 //anaconda/lib/python2.7/site-packages/psiturk/psiturk_js/psiturk.js
2015-03-04 11:44:12,008 //anaconda/lib/python2.7/site-packages/psiturk/psiturk_js/psiturk.js
2015-03-04 11:44:12,024 //anaconda/lib/python2.7/site-packages/psiturk/psiturk_js/psiturk.js
2015-03-04 11:44:12,035 //anaconda/lib/python2.7/site-packages/psiturk/psiturk_js/psiturk.js
2015-03-04 11:44:12,043 //anaconda/lib/python2.7/site-packages/psiturk/psiturk_js/psiturk.js
2015-03-04 11:44:12,043 //anaconda/lib/python2.7/site-packages/psiturk/psiturk_js/psiturk.js
2015-03-04 11:44:12,044 //anaconda/lib/python2.7/site-packages/psiturk/psiturk_js/psiturk.js
2015-03-04 11:44:12,054 //anaconda/lib/python2.7/site-packages/psiturk/psiturk_js/psiturk.js
2015-03-04 11:44:12,055 //anaconda/lib/python2.7/site-packages/psiturk/psiturk_js/psiturk.js
2015-03-04 11:44:12,055 //anaconda/lib/python2.7/site-packages/psiturk/psiturk_js/psiturk.js
2015-03-04 11:44:12,055 //anaconda/lib/python2.7/site-packages/psiturk/psiturk_js/psiturk.js
2015-03-04 11:44:12,054 //anaconda/lib/python2.7/site-packages/psiturk/psiturk_js/psiturk.js
2015-03-04 11:44:12,061 //anaconda/lib/python2.7/site-packages/psiturk/psiturk_js/psiturk.js
2015-03-04 11:44:12,061 //anaconda/lib/python2.7/site-packages/psiturk/psiturk_js/psiturk.js
2015-03-04 11:44:12,062 //anaconda/lib/python2.7/site-packages/psiturk/psiturk_js/psiturk.js
2015-03-04 11:44:12,062 //anaconda/lib/python2.7/site-packages/psiturk/psiturk_js/psiturk.js
2015-03-04 11:44:12,061 //anaconda/lib/python2.7/site-packages/psiturk/psiturk_js/psiturk.js
2015-03-04 11:44:12,067 //anaconda/lib/python2.7/site-packages/psiturk/psiturk_js/psiturk.js
[2015-03-04 13:07:23 -0800] [10562] [CRITICAL] WORKER TIMEOUT (pid:10689)
[2015-03-04 13:07:23 -0800] [10562] [CRITICAL] WORKER TIMEOUT (pid:10690)
[2015-03-04 13:07:23 -0800] [10562] [CRITICAL] WORKER TIMEOUT (pid:10692)
[2015-03-04 13:07:23 -0800] [10562] [CRITICAL] WORKER TIMEOUT (pid:10694)
[2015-03-04 13:07:23 -0800] [10562] [CRITICAL] WORKER TIMEOUT (pid:10696)
[2015-03-04 13:07:23 -0800] [10562] [CRITICAL] WORKER TIMEOUT (pid:10697)
[2015-03-04 13:07:23 -0800] [10562] [CRITICAL] WORKER TIMEOUT (pid:10675)
[2015-03-04 13:07:23 -0800] [10562] [CRITICAL] WORKER TIMEOUT (pid:10676)
[2015-03-04 13:07:23 -0800] [10562] [CRITICAL] WORKER TIMEOUT (pid:10677)
[2015-03-04 13:07:23 -0800] [10562] [CRITICAL] WORKER TIMEOUT (pid:10678)
[2015-03-04 13:07:23 -0800] [10562] [CRITICAL] WORKER TIMEOUT (pid:10679)
[2015-03-04 13:07:23 -0800] [10562] [CRITICAL] WORKER TIMEOUT (pid:10680)
[2015-03-04 13:07:23 -0800] [10562] [CRITICAL] WORKER TIMEOUT (pid:10681)
[2015-03-04 13:07:23 -0800] [10562] [CRITICAL] WORKER TIMEOUT (pid:10682)
[2015-03-04 13:07:23 -0800] [10562] [CRITICAL] WORKER TIMEOUT (pid:10683)
[2015-03-04 13:07:23 -0800] [10562] [CRITICAL] WORKER TIMEOUT (pid:10684)
[2015-03-04 13:07:23 -0800] [10562] [CRITICAL] WORKER TIMEOUT (pid:10686)
2015-03-04 13:07:24,257 //anaconda/lib/python2.7/site-packages/psiturk/psiturk_js/psiturk.js
2015-03-04 13:07:24,295 //anaconda/lib/python2.7/site-packages/psiturk/psiturk_js/psiturk.js
2015-03-04 13:07:24,321 //anaconda/lib/python2.7/site-packages/psiturk/psiturk_js/psiturk.js
2015-03-04 13:07:24,340 //anaconda/lib/python2.7/site-packages/psiturk/psiturk_js/psiturk.js
2015-03-04 13:07:24,422 //anaconda/lib/python2.7/site-packages/psiturk/psiturk_js/psiturk.js
2015-03-04 13:07:24,589 //anaconda/lib/python2.7/site-packages/psiturk/psiturk_js/psiturk.js
2015-03-04 13:07:24,702 //anaconda/lib/python2.7/site-packages/psiturk/psiturk_js/psiturk.js
2015-03-04 13:07:24,760 //anaconda/lib/python2.7/site-packages/psiturk/psiturk_js/psiturk.js
2015-03-04 13:07:24,875 //anaconda/lib/python2.7/site-packages/psiturk/psiturk_js/psiturk.js
2015-03-04 13:07:24,899 //anaconda/lib/python2.7/site-packages/psiturk/psiturk_js/psiturk.js
2015-03-04 13:07:24,927 //anaconda/lib/python2.7/site-packages/psiturk/psiturk_js/psiturk.js
2015-03-04 13:07:24,934 //anaconda/lib/python2.7/site-packages/psiturk/psiturk_js/psiturk.js
2015-03-04 13:07:24,998 //anaconda/lib/python2.7/site-packages/psiturk/psiturk_js/psiturk.js
2015-03-04 13:07:25,086 //anaconda/lib/python2.7/site-packages/psiturk/psiturk_js/psiturk.js
2015-03-04 13:07:25,111 //anaconda/lib/python2.7/site-packages/psiturk/psiturk_js/psiturk.js
2015-03-04 13:07:25,128 //anaconda/lib/python2.7/site-packages/psiturk/psiturk_js/psiturk.js
2015-03-04 13:07:25,186 //anaconda/lib/python2.7/site-packages/psiturk/psiturk_js/psiturk.js
[2015-03-04 13:21:35 -0800] [10562] [CRITICAL] WORKER TIMEOUT (pid:10957)
[2015-03-04 13:21:35 -0800] [10562] [CRITICAL] WORKER TIMEOUT (pid:10958)
[2015-03-04 13:21:35 -0800] [10562] [CRITICAL] WORKER TIMEOUT (pid:10959)
2015-03-04 13:21:39,679 //anaconda/lib/python2.7/site-packages/psiturk/psiturk_js/psiturk.js
2015-03-04 13:21:39,717 //anaconda/lib/python2.7/site-packages/psiturk/psiturk_js/psiturk.js
2015-03-04 13:21:39,729 //anaconda/lib/python2.7/site-packages/psiturk/psiturk_js/psiturk.js
[2015-03-04 18:24:19 -0800] [10562] [CRITICAL] WORKER TIMEOUT (pid:10953)
[2015-03-04 18:24:19 -0800] [10562] [CRITICAL] WORKER TIMEOUT (pid:10954)
[2015-03-04 18:24:19 -0800] [10562] [CRITICAL] WORKER TIMEOUT (pid:10955)
[2015-03-04 18:24:19 -0800] [10562] [CRITICAL] WORKER TIMEOUT (pid:10956)
[2015-03-04 18:24:19 -0800] [10562] [CRITICAL] WORKER TIMEOUT (pid:10960)
[2015-03-04 18:24:19 -0800] [10562] [CRITICAL] WORKER TIMEOUT (pid:10962)
[2015-03-04 18:24:19 -0800] [10562] [CRITICAL] WORKER TIMEOUT (pid:10963)
[2015-03-04 18:24:19 -0800] [10562] [CRITICAL] WORKER TIMEOUT (pid:10964)
[2015-03-04 18:24:19 -0800] [10562] [CRITICAL] WORKER TIMEOUT (pid:10965)
[2015-03-04 18:24:19 -0800] [10562] [CRITICAL] WORKER TIMEOUT (pid:10966)
[2015-03-04 18:24:19 -0800] [10562] [CRITICAL] WORKER TIMEOUT (pid:10967)
[2015-03-04 18:24:19 -0800] [10562] [CRITICAL] WORKER TIMEOUT (pid:10968)
[2015-03-04 18:24:19 -0800] [10562] [CRITICAL] WORKER TIMEOUT (pid:10969)
[2015-03-04 18:24:19 -0800] [10562] [CRITICAL] WORKER TIMEOUT (pid:10970)
[2015-03-04 18:24:19 -0800] [10562] [CRITICAL] WORKER TIMEOUT (pid:11043)
[2015-03-04 18:24:19 -0800] [10562] [CRITICAL] WORKER TIMEOUT (pid:11044)
[2015-03-04 18:24:19 -0800] [10562] [CRITICAL] WORKER TIMEOUT (pid:11045)
2015-03-04 18:24:20,905 //anaconda/lib/python2.7/site-packages/psiturk/psiturk_js/psiturk.js
2015-03-04 18:24:20,905 //anaconda/lib/python2.7/site-packages/psiturk/psiturk_js/psiturk.js
2015-03-04 18:24:20,966 //anaconda/lib/python2.7/site-packages/psiturk/psiturk_js/psiturk.js
2015-03-04 18:24:20,967 //anaconda/lib/python2.7/site-packages/psiturk/psiturk_js/psiturk.js
2015-03-04 18:24:21,094 //anaconda/lib/python2.7/site-packages/psiturk/psiturk_js/psiturk.js
2015-03-04 18:24:21,233 //anaconda/lib/python2.7/site-packages/psiturk/psiturk_js/psiturk.js
2015-03-04 18:24:21,241 //anaconda/lib/python2.7/site-packages/psiturk/psiturk_js/psiturk.js
2015-03-04 18:24:21,247 //anaconda/lib/python2.7/site-packages/psiturk/psiturk_js/psiturk.js
2015-03-04 18:24:21,263 //anaconda/lib/python2.7/site-packages/psiturk/psiturk_js/psiturk.js
2015-03-04 18:24:21,283 //anaconda/lib/python2.7/site-packages/psiturk/psiturk_js/psiturk.js
2015-03-04 18:24:21,277 //anaconda/lib/python2.7/site-packages/psiturk/psiturk_js/psiturk.js
2015-03-04 18:24:21,397 //anaconda/lib/python2.7/site-packages/psiturk/psiturk_js/psiturk.js
2015-03-04 18:24:21,397 //anaconda/lib/python2.7/site-packages/psiturk/psiturk_js/psiturk.js
2015-03-04 18:24:21,409 //anaconda/lib/python2.7/site-packages/psiturk/psiturk_js/psiturk.js
2015-03-04 18:24:21,413 //anaconda/lib/python2.7/site-packages/psiturk/psiturk_js/psiturk.js
2015-03-04 18:24:21,431 //anaconda/lib/python2.7/site-packages/psiturk/psiturk_js/psiturk.js
2015-03-04 18:24:21,444 //anaconda/lib/python2.7/site-packages/psiturk/psiturk_js/psiturk.js
[2015-03-04 20:40:01 -0800] [10562] [CRITICAL] WORKER TIMEOUT (pid:16476)
[2015-03-04 20:40:02 -0800] [10562] [CRITICAL] WORKER TIMEOUT (pid:16478)
[2015-03-04 20:40:02 -0800] [10562] [CRITICAL] WORKER TIMEOUT (pid:16479)
[2015-03-04 20:40:02 -0800] [10562] [CRITICAL] WORKER TIMEOUT (pid:16481)
[2015-03-04 20:40:02 -0800] [10562] [CRITICAL] WORKER TIMEOUT (pid:164